Arguments: 
  C:\Program Files\nodejs\node.exe C:\Users\cm062\AppData\Roaming\npm\node_modules\yarn\bin\yarn.js

PATH: 
  C:\Users\cm062\bin;C:\Program Files\Git\mingw64\bin;C:\Program Files\Git\usr\local\bin;C:\Program Files\Git\usr\bin;C:\Program Files\Git\usr\bin;C:\Program Files\Git\mingw64\bin;C:\Program Files\Git\usr\bin;C:\Users\cm062\bin;C:\Program Files\Common Files\Oracle\Java\javapath;C:\Windows\system32;C:\Windows;C:\Windows\System32\Wbem;C:\Windows\System32\WindowsPowerShell\v1.0;C:\Windows\System32\OpenSSH;C:\Program Files (x86)\NVIDIA Corporation\PhysX\Common;C:\WINDOWS\system32;C:\WINDOWS;C:\WINDOWS\System32\Wbem;C:\WINDOWS\System32\WindowsPowerShell\v1.0;C:\WINDOWS\System32\OpenSSH;C:\Program Files\NVIDIA Corporation\NVIDIA NvDLISR;C:\WINDOWS\system32;C:\WINDOWS;C:\WINDOWS\System32\Wbem;C:\WINDOWS\System32\WindowsPowerShell\v1.0;C:\WINDOWS\System32\OpenSSH;C:\Program Files\Java\jdk-11.0.17;C:\Program Files\GitHub CLI;C:\Program Files\Git\cmd;%NVM_HOME%;%NVM_SYMLINK%;C:\Users\cm062\AppData\Local\Microsoft\WindowsApps;C:\Users\cm062\AppData\Local\Programs\Microsoft VS Code\bin;C:\Users\cm062\AppData\Roaming\npm;C:\Users\cm062\AppData\Local\Android\Sdk\platform-tools;C:\Users\cm062\AppData\Local\GitHubDesktop\bin;C:\Users\cm062\AppData\Roaming\nvm;C:\Program Files\nodejs;C:\Program Files\Java\jdk-11.0.17\bin;C:\Program Files\heroku\bin;C:\Program Files\Git\usr\bin\vendor_perl;C:\Program Files\Git\usr\bin\core_perl

Yarn version: 
  1.22.19

Node version: 
  19.5.0

Platform: 
  win32 x64

Trace: 
  SyntaxError: C:\Users\cm062\OneDrive\Desktop\Collabera\collabera_react_training\package.json: Expected ',' or '}' after property value in JSON at position 284
      at JSON.parse (<anonymous>)
      at C:\Users\cm062\AppData\Roaming\npm\node_modules\yarn\lib\cli.js:1629:59
      at Generator.next (<anonymous>)
      at step (C:\Users\cm062\AppData\Roaming\npm\node_modules\yarn\lib\cli.js:310:30)
      at C:\Users\cm062\AppData\Roaming\npm\node_modules\yarn\lib\cli.js:321:13

npm manifest: 
  {
    "name": "weather_app",
    "version": "0.0.1",
    "description": "exam weather_app",
    "main": "index.js",
    "repository": "https://github.com/the-special-character/collabera_react_training.git",
    "author": "Christian Mendoza <me.christian.mendoza@gmail.com>",
    "license": "MIT"
    "scripts": {
      "build": "webpack",
      "start": "webpack serve",
      "lint": "eslint .",
      "lint:fix": "eslint . --fix",
      "prettier": "prettier --write .",
      "server": "json-server --watch db.json"
    },
    "keywords": [
      "Javascript",
      "React"
    ],
    "devDependencies": {
      "@babel/core": "^7.20.12",
      "@babel/eslint-parser": "^7.19.1",
      "@babel/preset-env": "^7.20.2",
      "@babel/preset-react": "^7.18.6",
      "@tailwindcss/forms": "^0.5.3",
      "autoprefixer": "^10.4.13",
      "babel-loader": "^9.1.2",
      "css-loader": "^6.7.3",
      "eslint": "^8.33.0",
      "eslint-config-airbnb": "^19.0.4",
      "eslint-config-prettier": "^8.6.0",
      "eslint-plugin-import": "^2.25.3",
      "eslint-plugin-jsx-a11y": "^6.5.1",
      "eslint-plugin-react": "^7.28.0",
      "eslint-plugin-react-hooks": "^4.3.0",
      "html-webpack-plugin": "^5.5.0",
      "json-server": "^0.17.1",
      "postcss": "^8.4.21",
      "postcss-easings": "^3.0.1",
      "postcss-import": "^15.1.0",
      "postcss-import-url": "^7.2.0",
      "postcss-loader": "^7.0.2",
      "postcss-nesting": "^11.0.1",
      "postcss-preset-env": "^8.0.1",
      "prettier": "2.8.3",
      "sass": "^1.57.1",
      "sass-loader": "^13.2.0",
      "style-loader": "^3.3.1",
      "tailwindcss": "^3.2.4",
      "webpack": "^5.75.0",
      "webpack-cli": "^5.0.1",
      "webpack-dev-server": "^4.11.1"
    },
    "dependencies": {
      "react": "^18.2.0",
      "react-addons-shallow-compare": "^15.6.3",
      "react-dom": "^18.2.0"
    }
  }

yarn manifest: 
  No manifest

Lockfile: 
  No lockfile
